🩺 The doctor is checking the health of your Storybook..
╭ Incompatible packages found ───────────────────────────────────────────────────────────────────────────────────────────────────────╮
│                                                                                                                                    │
│   The following packages are incompatible with Storybook 8.6.3 as they depend on different major versions of Storybook packages:   │
│   - @storybook/addon-a11y@7.6.12 (8.6.3 available!)                                                                                │
│    Repo: https://github.com/storybookjs/storybook/tree/next/code/addons/a11y                                                       │
│   - @storybook/addon-interactions@7.6.12 (8.6.3 available!)                                                                        │
│    Repo: https://github.com/storybookjs/storybook/tree/next/code/addons/interactions                                               │
│   - @storybook/addon-mdx-gfm@7.6.12 (8.6.3 available!)                                                                             │
│    Repo: https://github.com/storybookjs/storybook/tree/next/code/addons/gfm                                                        │
│   - @storybook/manager-api@7.6.20 (8.6.3 available!)                                                                               │
│    Repo: https://github.com/storybookjs/storybook/tree/next/code/lib/manager-api                                                   │
│   - @storybook/test@7.6.12 (8.6.3 available!)                                                                                      │
│    Repo: https://github.com/storybookjs/storybook/tree/next/code/lib/test                                                          │
│   - @storybook/theming@7.6.20 (8.6.3 available!)                                                                                   │
│    Repo: https://github.com/storybookjs/storybook/tree/next/code/lib/theming                                                       │
│                                                                                                                                    │
│                                                                                                                                    │
│   Please consider updating your packages or contacting the maintainers for compatibility details.                                  │
│   For more on Storybook 8 compatibility, see the linked GitHub issue:                                                              │
│   https://github.com/storybookjs/storybook/issues/26031                                                                            │
│                                                                                                                                    │
╰────────────────────────────────────────────────────────────────────────────────────────────────────────────────────────────────────╯

You can always recheck the health of your project by running:
npx storybook doctor

Full logs are available in C:\Users\searc\Documents\storybook_test\test-library\doctor-storybook.log

